<?xml version="1.0" encoding="UTF-8"?>
<testsuite name="DolloarCalculatorTest" tests="3" skipped="0" failures="0" errors="0" timestamp="2022-05-16T11:02:42" hostname="NOHHYUK" time="0.983">
  <properties/>
  <testcase name="dollarTest()" classname="DolloarCalculatorTest" time="0.972"/>
  <testcase name="testHello()" classname="DolloarCalculatorTest" time="0.004"/>
  <testcase name="MockTest()" classname="DolloarCalculatorTest" time="0.005"/>
  <system-out><![CDATA[hello
]]></system-out>
  <system-err><![CDATA[]]></system-err>
</testsuite>
